<?xml version="1.0" encoding="UTF-8"?>
<testsuite name="DukeTest" tests="1" skipped="0" failures="0" errors="0" timestamp="2019-09-08T11:36:30" hostname="NOVA-LAPTOP" time="0.033">
  <properties/>
  <testcase name="dummyTest()" classname="DukeTest" time="0.033"/>
  <system-out><![CDATA[]]></system-out>
  <system-err><![CDATA[]]></system-err>
</testsuite>
